\BOOKMARK [1][-]{section.1}{Abstract}{}% 1
\BOOKMARK [1][-]{section.2}{Introduction}{}% 2
\BOOKMARK [1][-]{section.3}{Related work}{}% 3
\BOOKMARK [1][-]{section.4}{Data Format}{}% 4
\BOOKMARK [2][-]{subsection.4.1}{Exploratory Data analysis}{section.4}% 5
\BOOKMARK [3][-]{subsubsection.4.1.1}{Location information}{subsection.4.1}% 6
\BOOKMARK [4][-]{paragraph.4.1.1.1}{Most mentioned location names}{subsubsection.4.1.1}% 7
\BOOKMARK [4][-]{paragraph.4.1.1.2}{Venues}{subsubsection.4.1.1}% 8
\BOOKMARK [3][-]{subsubsection.4.1.2}{User information}{subsection.4.1}% 9
\BOOKMARK [3][-]{subsubsection.4.1.3}{Graph analysis}{subsection.4.1}% 10
\BOOKMARK [4][-]{paragraph.4.1.3.1}{Edge distribution and weights}{subsubsection.4.1.3}% 11
\BOOKMARK [4][-]{paragraph.4.1.3.2}{Edge length}{subsubsection.4.1.3}% 12
\BOOKMARK [4][-]{paragraph.4.1.3.3}{Degrees of nodes}{subsubsection.4.1.3}% 13
\BOOKMARK [3][-]{subsubsection.4.1.4}{Communities}{subsection.4.1}% 14
\BOOKMARK [3][-]{subsubsection.4.1.5}{Hashtags}{subsection.4.1}% 15
\BOOKMARK [2][-]{subsection.4.2}{Conclusion}{section.4}% 16
\BOOKMARK [1][-]{section.5}{Architecture}{}% 17
\BOOKMARK [2][-]{subsection.5.1}{Subscription and Storage}{section.5}% 18
\BOOKMARK [2][-]{subsection.5.2}{Densitiy-based clustering}{section.5}% 19
\BOOKMARK [2][-]{subsection.5.3}{\(Biterm\) Topic Modeling}{section.5}% 20
\BOOKMARK [2][-]{subsection.5.4}{Set generation}{section.5}% 21
\BOOKMARK [2][-]{subsection.5.5}{Serving layer}{section.5}% 22
\BOOKMARK [3][-]{subsubsection.5.5.1}{Application}{subsection.5.5}% 23
\BOOKMARK [1][-]{section.6}{Results}{}% 24
\BOOKMARK [1][-]{section.7}{Conclusion and future work}{}% 25
\BOOKMARK [0][-]{section*.16}{APPENDICES}{}% 26
